<?xml version="1.0" encoding="UTF-8"?>
<!-- Generated by org.testng.reporters.JUnitXMLReporter -->
<testsuite ignored="0" hostname="DESKTOP-7U0QMLU" failures="0" tests="4" name="Default test" time="13.791" errors="0" timestamp="2022-01-22T17:05:28 IST">
  <testcase classname="user_side_testing.Place_Order" name="login_Pass" time="1.773"/>
  <testcase classname="user_side_testing.Place_Order" name="add_cart" time="0.365"/>
  <testcase classname="user_side_testing.Place_Order" name="check_cart_details" time="2.417"/>
  <testcase classname="user_side_testing.Place_Order" name="checkout" time="0.279"/>
</testsuite> <!-- Default test -->
