<?xml version="1.0" encoding="UTF-8"?>
<testng-results ignored="0" total="4" passed="4" failed="0" skipped="0">
  <reporter-output>
  </reporter-output>
  <suite started-at="2022-01-22T17:05:14 IST" name="Default suite" finished-at="2022-01-22T17:05:28 IST" duration-ms="13791">
    <groups>
    </groups>
    <test started-at="2022-01-22T17:05:14 IST" name="Default test" finished-at="2022-01-22T17:05:28 IST" duration-ms="13791">
      <class name="user_side_testing.Place_Order">
        <test-method is-config="true" signature="launchBrowser()[pri:0, instance:user_side_testing.Place_Order@645aa696]" started-at="2022-01-22T17:05:14 IST" name="launchBrowser" finished-at="2022-01-22T17:05:23 IST" duration-ms="8890" status="PASS">
          <reporter-output>
          </reporter-output>
        </test-method> <!-- launchBrowser -->
        <test-method signature="login_Pass()[pri:0, instance:user_side_testing.Place_Order@645aa696]" started-at="2022-01-22T17:05:23 IST" name="login_Pass" finished-at="2022-01-22T17:05:25 IST" duration-ms="1773" status="PASS">
          <reporter-output>
          </reporter-output>
        </test-method> <!-- login_Pass -->
        <test-method signature="add_cart()[pri:1, instance:user_side_testing.Place_Order@645aa696]" started-at="2022-01-22T17:05:25 IST" name="add_cart" finished-at="2022-01-22T17:05:25 IST" duration-ms="365" status="PASS">
          <reporter-output>
          </reporter-output>
        </test-method> <!-- add_cart -->
        <test-method signature="check_cart_details()[pri:2, instance:user_side_testing.Place_Order@645aa696]" started-at="2022-01-22T17:05:25 IST" name="check_cart_details" finished-at="2022-01-22T17:05:28 IST" duration-ms="2417" status="PASS">
          <reporter-output>
          </reporter-output>
        </test-method> <!-- check_cart_details -->
        <test-method signature="checkout()[pri:3, instance:user_side_testing.Place_Order@645aa696]" started-at="2022-01-22T17:05:28 IST" name="checkout" finished-at="2022-01-22T17:05:28 IST" duration-ms="279" status="PASS">
          <reporter-output>
          </reporter-output>
        </test-method> <!-- checkout -->
      </class> <!-- user_side_testing.Place_Order -->
    </test> <!-- Default test -->
  </suite> <!-- Default suite -->
</testng-results>
